  main.cpp
D:\SoftDev\SoftDev\RoomCost\main.cpp(17,39): error C2679: binary '>>': no operator found which takes a right-hand operand of type 'const char [28]' (or there is no acceptable conversion)
D:\Programs\VisualStudio\VC\Tools\MSVC\14.29.30037\include\istream(301,39): message : could be 'std::basic_istream<char,std::char_traits<char>> &std::basic_istream<char,std::char_traits<char>>::operator >>(std::basic_streambuf<char,std::char_traits<char>> *)'
D:\Programs\VisualStudio\VC\Tools\MSVC\14.29.30037\include\istream(297,39): message : or       'std::basic_istream<char,std::char_traits<char>> &std::basic_istream<char,std::char_traits<char>>::operator >>(void *&)'
D:\Programs\VisualStudio\VC\Tools\MSVC\14.29.30037\include\istream(293,39): message : or       'std::basic_istream<char,std::char_traits<char>> &std::basic_istream<char,std::char_traits<char>>::operator >>(long double &)'
D:\Programs\VisualStudio\VC\Tools\MSVC\14.29.30037\include\istream(289,39): message : or       'std::basic_istream<char,std::char_traits<char>> &std::basic_istream<char,std::char_traits<char>>::operator >>(double &)'
D:\Programs\VisualStudio\VC\Tools\MSVC\14.29.30037\include\istream(285,39): message : or       'std::basic_istream<char,std::char_traits<char>> &std::basic_istream<char,std::char_traits<char>>::operator >>(float &)'
D:\Programs\VisualStudio\VC\Tools\MSVC\14.29.30037\include\istream(281,39): message : or       'std::basic_istream<char,std::char_traits<char>> &std::basic_istream<char,std::char_traits<char>>::operator >>(unsigned __int64 &)'
D:\Programs\VisualStudio\VC\Tools\MSVC\14.29.30037\include\istream(277,39): message : or       'std::basic_istream<char,std::char_traits<char>> &std::basic_istream<char,std::char_traits<char>>::operator >>(__int64 &)'
D:\Programs\VisualStudio\VC\Tools\MSVC\14.29.30037\include\istream(273,39): message : or       'std::basic_istream<char,std::char_traits<char>> &std::basic_istream<char,std::char_traits<char>>::operator >>(unsigned long &)'
D:\Programs\VisualStudio\VC\Tools\MSVC\14.29.30037\include\istream(269,39): message : or       'std::basic_istream<char,std::char_traits<char>> &std::basic_istream<char,std::char_traits<char>>::operator >>(long &)'
D:\Programs\VisualStudio\VC\Tools\MSVC\14.29.30037\include\istream(265,39): message : or       'std::basic_istream<char,std::char_traits<char>> &std::basic_istream<char,std::char_traits<char>>::operator >>(unsigned int &)'
D:\Programs\VisualStudio\VC\Tools\MSVC\14.29.30037\include\istream(257,39): message : or       'std::basic_istream<char,std::char_traits<char>> &std::basic_istream<char,std::char_traits<char>>::operator >>(int &)'
D:\Programs\VisualStudio\VC\Tools\MSVC\14.29.30037\include\istream(253,39): message : or       'std::basic_istream<char,std::char_traits<char>> &std::basic_istream<char,std::char_traits<char>>::operator >>(unsigned short &)'
D:\Programs\VisualStudio\VC\Tools\MSVC\14.29.30037\include\istream(221,39): message : or       'std::basic_istream<char,std::char_traits<char>> &std::basic_istream<char,std::char_traits<char>>::operator >>(short &)'
D:\Programs\VisualStudio\VC\Tools\MSVC\14.29.30037\include\istream(217,39): message : or       'std::basic_istream<char,std::char_traits<char>> &std::basic_istream<char,std::char_traits<char>>::operator >>(bool &)'
D:\Programs\VisualStudio\VC\Tools\MSVC\14.29.30037\include\istream(188,39): message : or       'std::basic_istream<char,std::char_traits<char>> &std::basic_istream<char,std::char_traits<char>>::operator >>(std::ios_base &(__cdecl *)(std::ios_base &))'
D:\Programs\VisualStudio\VC\Tools\MSVC\14.29.30037\include\istream(183,39): message : or       'std::basic_istream<char,std::char_traits<char>> &std::basic_istream<char,std::char_traits<char>>::operator >>(std::basic_ios<char,std::char_traits<char>> &(__cdecl *)(std::basic_ios<char,std::char_traits<char>> &))'
D:\Programs\VisualStudio\VC\Tools\MSVC\14.29.30037\include\istream(178,39): message : or       'std::basic_istream<char,std::char_traits<char>> &std::basic_istream<char,std::char_traits<char>>::operator >>(std::basic_istream<char,std::char_traits<char>> &(__cdecl *)(std::basic_istream<char,std::char_traits<char>> &))'
D:\SoftDev\SoftDev\RoomCost\main.cpp(17,39): message : while trying to match the argument list '(std::istream, const char [28])'
